-------------------------------------------------------------------------------
Test set: runners.Runner
-------------------------------------------------------------------------------
Tests run: 1, Failures: 1, Errors: 0, Skipped: 0, Time elapsed: 12.369 s <<< FAILURE! - in runners.Runner
Etsy title verification using search feature(Etsy search feature)  Time elapsed: 11.938 s  <<< FAILURE!
java.lang.AssertionError

